<?xml version="1.0" encoding="UTF-8"?>
<testng-results ignored="1" total="2" passed="1" failed="0" skipped="0">
  <reporter-output>
  </reporter-output>
  <suite started-at="2022-03-01T19:46:19 IST" name="Default suite" finished-at="2022-03-01T19:46:25 IST" duration-ms="5899">
    <groups>
    </groups>
    <test started-at="2022-03-01T19:46:19 IST" name="Default test" finished-at="2022-03-01T19:46:25 IST" duration-ms="5899">
      <class name="com.rmgyantra.authentication.ValidatingCreatedProjectInDatabaseTest">
        <test-method signature="validateProjectInDB()[pri:0, instance:com.rmgyantra.authentication.ValidatingCreatedProjectInDatabaseTest@2b48a640]" started-at="2022-03-01T19:46:19 IST" name="validateProjectInDB" finished-at="2022-03-01T19:46:25 IST" duration-ms="5811" status="PASS">
          <reporter-output>
          </reporter-output>
        </test-method> <!-- validateProjectInDB -->
      </class> <!-- com.rmgyantra.authentication.ValidatingCreatedProjectInDatabaseTest -->
    </test> <!-- Default test -->
  </suite> <!-- Default suite -->
</testng-results>
