<?xml version="1.0" encoding="UTF-8"?>
<!-- Generated by org.testng.reporters.JUnitXMLReporter -->
<testsuite ignored="1" hostname="DESKTOP-LN74GU8" failures="0" tests="1" name="Default test" time="5.899" errors="0" timestamp="2022-03-01T19:46:25 IST">
  <testcase classname="com.rmgyantra.authentication.ValidatingCreatedProjectInDatabaseTest" name="validateProjectInDB" time="5.811"/>
  <testcase classname="com.rmgyantra.authentication.ValidatingCreatedProjectInDatabaseTest" name="run" time="0.0">
    <ignored/>
  </testcase> <!-- run -->
</testsuite> <!-- Default test -->
